#
# A fatal error has been detected by the Java Runtime Environment:
#
#  EXCEPTION_ACCESS_VIOLATION (0xc0000005) at pc=0x00008a2c, pid=5104, tid=5084
#
# JRE version: Java(TM) SE Runtime Environment (8.0_66-b17) (build 1.8.0_66-b17)
# Java VM: Java HotSpot(TM) Client VM (25.66-b17 mixed mode windows-x86 )
# Problematic frame:
# C  0x00008a2c
#
# Failed to write core dump. Minidumps are not enabled by default on client versions of Windows
#
# If you would like to submit a bug report, please visit:
#   http://bugreport.java.com/bugreport/crash.jsp
# The crash happened outside the Java Virtual Machine in native code.
# See problematic frame for where to report the bug.
#

---------------  T H R E A D  ---------------

Current thread (0x25902c00):  JavaThread "cc.arduino.packages.discoverers.serial.SerialBoardsLister" [_thread_in_native, id=5084, stack(0x26230000,0x26280000)]

siginfo: ExceptionCode=0xc0000005, ExceptionInformation=0x00000008 0x00008a2c

Registers:
EAX=0x0058f058, EBX=0x00000000, ECX=0x0058f073, EDX=0x2627eb46
ESP=0x2627eb80, EBP=0x00001bb8, ESI=0x00000302, EDI=0x2627ecb0
EIP=0x00008a2c, EFLAGS=0x00010206

Top of Stack: (sp=0x2627eb80)
0x2627eb80:   00000614 00220410 2627eba5 0000010b
0x2627eb90:   2627eba5 0000010b 2627eba0 00000000
0x2627eba0:   00000042 00000200 02000000 ff000003
0x2627ebb0:   5a033600 45005400 57002000 44004300
0x2627ebc0:   41004d00 54002000 63006500 6e006800
0x2627ebd0:   6c006f00 67006f00 65006900 20007300
0x2627ebe0:   53004d00 00004d00 00000000 00000000
0x2627ebf0:   00000000 00000000 00000000 00000000 

Instructions: (pc=0x00008a2c)
0x00008a0c:   
[error occurred during error reporting (printing registers, top of stack, instructions near pc), id 0xc0000005]

Register to memory mapping:

EAX=0x0058f058 is an unknown value
EBX=0x00000000 is an unknown value
ECX=0x0058f073 is an unknown value
EDX=0x2627eb46 is pointing into the stack for thread: 0x25902c00
ESP=0x2627eb80 is pointing into the stack for thread: 0x25902c00
EBP=0x00001bb8 is an unknown value
ESI=0x00000302 is an unknown value
EDI=0x2627ecb0 is pointing into the stack for thread: 0x25902c00


Stack: [0x26230000,0x26280000],  sp=0x2627eb80,  free space=314k
Native frames: (J=compiled Java code, j=interpreted, Vv=VM code, C=native code)
C  0x00008a2c

Java frames: (J=compiled Java code, j=interpreted, Vv=VM code)
j  processing.app.Platform.resolveDeviceAttachedToNative(Ljava/lang/String;)Ljava/lang/String;+0
j  processing.app.Platform.resolveDeviceByVendorIdProductId(Ljava/lang/String;Ljava/util/Map;)Ljava/util/Map;+2
j  cc.arduino.packages.discoverers.serial.SerialBoardsLister.retriggerDiscovery(Z)V+309
j  cc.arduino.packages.discoverers.serial.SerialBoardsLister.run()V+9
j  java.util.TimerThread.mainLoop()V+221
j  java.util.TimerThread.run()V+1
v  ~StubRoutines::call_stub

---------------  P R O C E S S  ---------------

Java Threads: ( => current thread )
  0x26b8f000 JavaThread "192-168-201-1.local..recover()" daemon [_thread_blocked, id=4796, stack(0x279f0000,0x27a40000)]
  0x26b8ec00 JavaThread "JmDNS(192-168-201-1.local.).Timer" daemon [_thread_blocked, id=4352, stack(0x279a0000,0x279f0000)]
  0x26b8e400 JavaThread "JmDNS(192-168-201-1.local.).State.Timer" [_thread_blocked, id=4108, stack(0x278b0000,0x27900000)]
  0x26b8dc00 JavaThread "JmDNS(192-168-201-1.local.).Timer" daemon [_thread_blocked, id=4316, stack(0x277a0000,0x277f0000)]
  0x26b8d800 JavaThread "SocketListener(192-168-201-1.local.)" daemon [_thread_in_native, id=2344, stack(0x27550000,0x275a0000)]
  0x25b5a800 JavaThread "JmDNS(lenovo-PC.local.).Timer" daemon [_thread_blocked, id=3136, stack(0x26850000,0x268a0000)]
  0x25b5a000 JavaThread "JmDNS(lenovo-PC.local.).State.Timer" [_thread_blocked, id=5116, stack(0x269e0000,0x26a30000)]
  0x25b57c00 JavaThread "JmDNS(lenovo-PC.local.).Timer" daemon [_thread_blocked, id=5100, stack(0x268c0000,0x26910000)]
  0x25b56c00 JavaThread "SocketListener(lenovo-PC.local.)" daemon [_thread_in_native, id=1644, stack(0x25dd0000,0x25e20000)]
  0x2594c400 JavaThread "cc.arduino.packages.discoverers.network.BoardReachabilityFilter" [_thread_blocked, id=5076, stack(0x25b70000,0x25bc0000)]
  0x25906400 JavaThread "cc.arduino.packages.discoverers.network.NetworkChecker" [_thread_blocked, id=5096, stack(0x26380000,0x263d0000)]
=>0x25902c00 JavaThread "cc.arduino.packages.discoverers.serial.SerialBoardsLister" [_thread_in_native, id=5084, stack(0x26230000,0x26280000)]
  0x258fd400 JavaThread "AWT-Windows" daemon [_thread_in_native, id=1360, stack(0x25d80000,0x25dd0000)]
  0x258e6c00 JavaThread "Java2D Disposer" daemon [_thread_blocked, id=2788, stack(0x25140000,0x25190000)]
  0x24fc0400 JavaThread "Service Thread" daemon [_thread_blocked, id=4080, stack(0x253b0000,0x25400000)]
  0x24f9ec00 JavaThread "C1 CompilerThread0" daemon [_thread_blocked, id=4420, stack(0x04770000,0x047c0000)]
  0x24f9d800 JavaThread "Attach Listener" daemon [_thread_blocked, id=1600, stack(0x254b0000,0x25500000)]
  0x24f9a800 JavaThread "Signal Dispatcher" daemon [_thread_blocked, id=4344, stack(0x24e10000,0x24e60000)]
  0x24f67800 JavaThread "Finalizer" daemon [_thread_blocked, id=1964, stack(0x25240000,0x25290000)]
  0x24f61c00 JavaThread "Reference Handler" daemon [_thread_blocked, id=3056, stack(0x251f0000,0x25240000)]
  0x0033ec00 JavaThread "main" [_thread_in_native, id=2352, stack(0x00d50000,0x00da0000)]

Other Threads:
  0x24f5c800 VMThread [stack: 0x24e70000,0x24ec0000] [id=3008]
  0x24fd3400 WatcherThread [stack: 0x25720000,0x25770000] [id=4568]

VM state:not at safepoint (normal execution)

VM Mutex/Monitor currently owned by a thread: None

Heap:
 def new generation   total 39296K, used 6229K [0x04800000, 0x072a0000, 0x0f2a0000)
  eden space 34944K,   5% used [0x04800000, 0x049d5758, 0x06a20000)
  from space 4352K, 100% used [0x06a20000, 0x06e60000, 0x06e60000)
  to   space 4352K,   0% used [0x06e60000, 0x06e60000, 0x072a0000)
 tenured generation   total 87424K, used 8673K [0x0f2a0000, 0x14800000, 0x24800000)
   the space 87424K,   9% used [0x0f2a0000, 0x0fb185f8, 0x0fb18600, 0x14800000)
 Metaspace       used 11853K, capacity 12178K, committed 12288K, reserved 12672K

Card table byte_map: [0x24800000,0x24910000] byte_map_base: 0x247dc000

Polling page: 0x00110000

CodeCache: size=32768Kb used=1609Kb max_used=1609Kb free=31158Kb
 bounds [0x02770000, 0x02908000, 0x04770000]
 total_blobs=993 nmethods=749 adapters=175
 compilation: enabled

Compilation events (10 events):
Event: 5.028 Thread 0x24f9ec00  758             sun.misc.PerfCounter::addElapsedTimeFrom (10 bytes)
Event: 5.028 Thread 0x24f9ec00 nmethod 758 0x029010c8 code [0x029011f0, 0x029015c8]
Event: 5.033 Thread 0x24f9ec00  759             sun.awt.AWTAccessor::getComponentAccessor (18 bytes)
Event: 5.034 Thread 0x24f9ec00 nmethod 759 0x02901788 code [0x02901890, 0x0290192c]
Event: 5.034 Thread 0x24f9ec00  760             sun.awt.SunToolkit::targetToAppContext (30 bytes)
Event: 5.035 Thread 0x24f9ec00 nmethod 760 0x02901988 code [0x02901aa0, 0x02901d18]
Event: 5.035 Thread 0x24f9ec00  761             sun.awt.SunToolkit::getAppContext (42 bytes)
Event: 5.036 Thread 0x24f9ec00 nmethod 761 0x02901e88 code [0x02901fe0, 0x02902294]
Event: 5.036 Thread 0x24f9ec00  762             java.awt.Component$1::getAppContext (5 bytes)
Event: 5.036 Thread 0x24f9ec00 nmethod 762 0x02902488 code [0x02902580, 0x02902600]

GC Heap History (4 events):
Event: 3.278 GC heap before
{Heap before GC invocations=0 (full 0):
 def new generation   total 39296K, used 34944K [0x04800000, 0x072a0000, 0x0f2a0000)
  eden space 34944K, 100% used [0x04800000, 0x06a20000, 0x06a20000)
  from space 4352K,   0% used [0x06a20000, 0x06a20000, 0x06e60000)
  to   space 4352K,   0% used [0x06e60000, 0x06e60000, 0x072a0000)
 tenured generation   total 87424K, used 0K [0x0f2a0000, 0x14800000, 0x24800000)
   the space 87424K,   0% used [0x0f2a0000, 0x0f2a0000, 0x0f2a0200, 0x14800000)
 Metaspace       used 8380K, capacity 8548K, committed 8704K, reserved 9600K
Event: 3.310 GC heap after
Heap after GC invocations=1 (full 0):
 def new generation   total 39296K, used 4352K [0x04800000, 0x072a0000, 0x0f2a0000)
  eden space 34944K,   0% used [0x04800000, 0x04800000, 0x06a20000)
  from space 4352K, 100% used [0x06e60000, 0x072a0000, 0x072a0000)
  to   space 4352K,   0% used [0x06a20000, 0x06a20000, 0x06e60000)
 tenured generation   total 87424K, used 2011K [0x0f2a0000, 0x14800000, 0x24800000)
   the space 87424K,   2% used [0x0f2a0000, 0x0f496c68, 0x0f496e00, 0x14800000)
 Metaspace       used 8380K, capacity 8548K, committed 8704K, reserved 9600K
}
Event: 4.945 GC heap before
{Heap before GC invocations=1 (full 0):
 def new generation   total 39296K, used 39296K [0x04800000, 0x072a0000, 0x0f2a0000)
  eden space 34944K, 100% used [0x04800000, 0x06a20000, 0x06a20000)
  from space 4352K, 100% used [0x06e60000, 0x072a0000, 0x072a0000)
  to   space 4352K,   0% used [0x06a20000, 0x06a20000, 0x06e60000)
 tenured generation   total 87424K, used 2011K [0x0f2a0000, 0x14800000, 0x24800000)
   the space 87424K,   2% used [0x0f2a0000, 0x0f496c68, 0x0f496e00, 0x14800000)
 Metaspace       used 11567K, capacity 11883K, committed 11904K, reserved 12672K
Event: 4.986 GC heap after
Heap after GC invocations=2 (full 0):
 def new generation   total 39296K, used 4352K [0x04800000, 0x072a0000, 0x0f2a0000)
  eden space 34944K,   0% used [0x04800000, 0x04800000, 0x06a20000)
  from space 4352K, 100% used [0x06a20000, 0x06e60000, 0x06e60000)
  to   space 4352K,   0% used [0x06e60000, 0x06e60000, 0x072a0000)
 tenured generation   total 87424K, used 8673K [0x0f2a0000, 0x14800000, 0x24800000)
   the space 87424K,   9% used [0x0f2a0000, 0x0fb185f8, 0x0fb18600, 0x14800000)
 Metaspace       used 11567K, capacity 11883K, committed 11904K, reserved 12672K
}

Deoptimization events (0 events):
No events

Internal exceptions (10 events):
Event: 4.858 Thread 0x0033ec00 Exception <a 'sun/nio/fs/WindowsException'> (0x0682adc8) thrown at [C:\re\workspace\8-2-build-windows-i586-cygwin\jdk8u66\4988\hotspot\src\share\vm\prims\jni.cpp, line 709]
Event: 4.858 Thread 0x0033ec00 Exception <a 'sun/nio/fs/WindowsException'> (0x0682b498) thrown at [C:\re\workspace\8-2-build-windows-i586-cygwin\jdk8u66\4988\hotspot\src\share\vm\prims\jni.cpp, line 709]
Event: 4.861 Thread 0x26b8dc00 Exception <a 'java/net/NoRouteToHostException': No route to host: Datagram send failed> (0x06886978) thrown at [C:\re\workspace\8-2-build-windows-i586-cygwin\jdk8u66\4988\hotspot\src\share\vm\prims\jni.cpp, line 735]
Event: 4.861 Thread 0x0033ec00 Exception <a 'sun/nio/fs/WindowsException'> (0x068358f0) thrown at [C:\re\workspace\8-2-build-windows-i586-cygwin\jdk8u66\4988\hotspot\src\share\vm\prims\jni.cpp, line 709]
Event: 4.880 Thread 0x0033ec00 Exception <a 'sun/nio/fs/WindowsException'> (0x06836038) thrown at [C:\re\workspace\8-2-build-windows-i586-cygwin\jdk8u66\4988\hotspot\src\share\vm\prims\jni.cpp, line 709]
Event: 4.882 Thread 0x26b8e400 Exception <a 'java/net/NoRouteToHostException': No route to host: Datagram send failed> (0x068defb8) thrown at [C:\re\workspace\8-2-build-windows-i586-cygwin\jdk8u66\4988\hotspot\src\share\vm\prims\jni.cpp, line 735]
Event: 4.882 Thread 0x0033ec00 Exception <a 'sun/nio/fs/WindowsException'> (0x06840178) thrown at [C:\re\workspace\8-2-build-windows-i586-cygwin\jdk8u66\4988\hotspot\src\share\vm\prims\jni.cpp, line 709]
Event: 4.882 Thread 0x0033ec00 Exception <a 'sun/nio/fs/WindowsException'> (0x06840848) thrown at [C:\re\workspace\8-2-build-windows-i586-cygwin\jdk8u66\4988\hotspot\src\share\vm\prims\jni.cpp, line 709]
Event: 4.883 Thread 0x0033ec00 Exception <a 'sun/nio/fs/WindowsException'> (0x0684a6e8) thrown at [C:\re\workspace\8-2-build-windows-i586-cygwin\jdk8u66\4988\hotspot\src\share\vm\prims\jni.cpp, line 709]
Event: 4.883 Thread 0x0033ec00 Exception <a 'sun/nio/fs/WindowsException'> (0x0684add0) thrown at [C:\re\workspace\8-2-build-windows-i586-cygwin\jdk8u66\4988\hotspot\src\share\vm\prims\jni.cpp, line 709]

Events (10 events):
Event: 5.033 loading class javax/swing/plaf/basic/BasicMenuBarUI$Actions
Event: 5.033 loading class sun/swing/UIAction
Event: 5.033 loading class sun/swing/UIAction done
Event: 5.033 loading class javax/swing/plaf/basic/BasicMenuBarUI$Actions done
Event: 5.037 loading class processing/app/Editor$6
Event: 5.037 loading class processing/app/Editor$6 done
Event: 5.038 loading class processing/app/Editor$7
Event: 5.038 loading class processing/app/Editor$7 done
Event: 5.039 loading class processing/app/Base$2
Event: 5.039 loading class processing/app/Base$2 done


Dynamic libraries:
0x01330000 - 0x01363000 	D:\softwares\arduino-nightly-windows\arduino-nightly\java\bin\javaw.exe
0x775b0000 - 0x77730000 	C:\Windows\SysWOW64\ntdll.dll
0x76750000 - 0x76860000 	C:\Windows\syswow64\kernel32.dll
0x76980000 - 0x769c7000 	C:\Windows\syswow64\KERNELBASE.dll
0x760f0000 - 0x76191000 	C:\Windows\syswow64\ADVAPI32.dll
0x76b10000 - 0x76bbc000 	C:\Windows\syswow64\msvcrt.dll
0x76ac0000 - 0x76ad9000 	C:\Windows\SysWOW64\sechost.dll
0x76410000 - 0x76500000 	C:\Windows\syswow64\RPCRT4.dll
0x74c70000 - 0x74cd0000 	C:\Windows\syswow64\SspiCli.dll
0x74c60000 - 0x74c6c000 	C:\Windows\syswow64\CRYPTBASE.dll
0x75ff0000 - 0x760f0000 	C:\Windows\syswow64\USER32.dll
0x76500000 - 0x76590000 	C:\Windows\syswow64\GDI32.dll
0x75e40000 - 0x75e4a000 	C:\Windows\syswow64\LPK.dll
0x75a50000 - 0x75aed000 	C:\Windows\syswow64\USP10.dll
0x69cc0000 - 0x69e5e000 	C:\Windows\WinSxS\x86_microsoft.windows.common-controls_6595b64144ccf1df_6.0.7601.18837_none_41e855142bd5705d\COMCTL32.dll
0x75c00000 - 0x75c57000 	C:\Windows\syswow64\SHLWAPI.dll
0x75d70000 - 0x75dd0000 	C:\Windows\system32\IMM32.DLL
0x769f0000 - 0x76abc000 	C:\Windows\syswow64\MSCTF.dll
0x74440000 - 0x744ff000 	D:\softwares\arduino-nightly-windows\arduino-nightly\java\bin\msvcr100.dll
0x69e60000 - 0x6a225000 	D:\softwares\arduino-nightly-windows\arduino-nightly\java\bin\client\jvm.dll
0x74430000 - 0x74437000 	C:\Windows\system32\WSOCK32.dll
0x75dd0000 - 0x75e05000 	C:\Windows\syswow64\WS2_32.dll
0x77580000 - 0x77586000 	C:\Windows\syswow64\NSI.dll
0x6bd80000 - 0x6bdb2000 	C:\Windows\system32\WINMM.dll
0x6c6a0000 - 0x6c6a9000 	C:\Windows\system32\VERSION.dll
0x75bf0000 - 0x75bf5000 	C:\Windows\syswow64\PSAPI.DLL
0x743f0000 - 0x74421000 	D:\softwares\arduino-nightly-windows\arduino-nightly\java\bin\splashscreen.dll
0x6be00000 - 0x6be80000 	C:\Windows\system32\uxtheme.dll
0x743e0000 - 0x743ec000 	D:\softwares\arduino-nightly-windows\arduino-nightly\java\bin\verify.dll
0x743b0000 - 0x743d1000 	D:\softwares\arduino-nightly-windows\arduino-nightly\java\bin\java.dll
0x762b0000 - 0x7640c000 	C:\Windows\system32\ole32.dll
0x74390000 - 0x743a3000 	D:\softwares\arduino-nightly-windows\arduino-nightly\java\bin\zip.dll
0x74ce0000 - 0x7592b000 	C:\Windows\syswow64\SHELL32.dll
0x6db00000 - 0x6db0b000 	C:\Windows\system32\profapi.dll
0x73980000 - 0x73ac5000 	D:\softwares\arduino-nightly-windows\arduino-nightly\java\bin\awt.dll
0x75c60000 - 0x75cef000 	C:\Windows\syswow64\OLEAUT32.dll
0x6b380000 - 0x6b393000 	C:\Windows\system32\dwmapi.dll
0x74340000 - 0x74356000 	D:\softwares\arduino-nightly-windows\arduino-nightly\java\bin\net.dll
0x6bca0000 - 0x6bcdc000 	C:\Windows\system32\mswsock.dll
0x6bc70000 - 0x6bc76000 	C:\Windows\System32\wship6.dll
0x6c450000 - 0x6c46c000 	C:\Windows\system32\IPHLPAPI.DLL
0x6bef0000 - 0x6bef7000 	C:\Windows\system32\WINNSI.DLL
0x61940000 - 0x61976000 	D:\softwares\arduino-nightly-windows\arduino-nightly\lib\listSerialsj.dll
0x75e50000 - 0x75fed000 	C:\Windows\syswow64\SETUPAPI.dll
0x76ae0000 - 0x76b07000 	C:\Windows\syswow64\CFGMGR32.dll
0x769d0000 - 0x769e2000 	C:\Windows\syswow64\DEVOBJ.dll
0x69160000 - 0x69172000 	C:\Windows\system32\dhcpcsvc.DLL
0x749c0000 - 0x749cd000 	C:\Windows\system32\dhcpcsvc6.DLL
0x6e550000 - 0x6e566000 	C:\Windows\system32\CRYPTSP.dll
0x6e510000 - 0x6e54b000 	C:\Windows\system32\rsaenh.dll
0x6be80000 - 0x6be97000 	C:\Windows\system32\USERENV.dll
0x74330000 - 0x7433f000 	D:\softwares\arduino-nightly-windows\arduino-nightly\java\bin\nio.dll
0x24d70000 - 0x24dad000 	C:\Users\lenovo\AppData\Local\Temp\jna--1106355917\jna481191576713492252.dll
0x6bea0000 - 0x6bee4000 	C:\Windows\system32\DNSAPI.dll
0x742f0000 - 0x74329000 	D:\softwares\arduino-nightly-windows\arduino-nightly\java\bin\fontmanager.dll
0x6bc80000 - 0x6bc85000 	C:\Windows\System32\wshtcpip.dll
0x6bc60000 - 0x6bc66000 	C:\Windows\system32\rasadhlp.dll
0x6b060000 - 0x6b098000 	C:\Windows\System32\fwpuclnt.dll
0x742c0000 - 0x742f0000 	D:\softwares\arduino-nightly-windows\arduino-nightly\java\bin\t2k.dll
0x75e10000 - 0x75e3f000 	C:\Windows\syswow64\WINTRUST.dll
0x76bc0000 - 0x76ce1000 	C:\Windows\syswow64\CRYPT32.dll
0x74cd0000 - 0x74cdc000 	C:\Windows\syswow64\MSASN1.dll
0x6b100000 - 0x6b1eb000 	C:\Windows\system32\dbghelp.dll

VM Arguments:
jvm_args: -Dsun.java2d.d3d=false -DAPP_DIR=D:\softwares\arduino-nightly-windows\arduino-nightly -Xms128M -Xmx512M 
java_command: processing.app.Base C:\Users\lenovo\Desktop\arduino\dim_led\dim_led.ino
java_class_path (initial): D:\softwares\arduino-nightly-windows\arduino-nightly\lib\apple.jar;D:\softwares\arduino-nightly-windows\arduino-nightly\lib\arduino-core.jar;D:\softwares\arduino-nightly-windows\arduino-nightly\lib\batik-1.8.jar;D:\softwares\arduino-nightly-windows\arduino-nightly\lib\batik-anim-1.8.jar;D:\softwares\arduino-nightly-windows\arduino-nightly\lib\batik-awt-util-1.8.jar;D:\softwares\arduino-nightly-windows\arduino-nightly\lib\batik-bridge-1.8.jar;D:\softwares\arduino-nightly-windows\arduino-nightly\lib\batik-codec-1.8.jar;D:\softwares\arduino-nightly-windows\arduino-nightly\lib\batik-css-1.8.jar;D:\softwares\arduino-nightly-windows\arduino-nightly\lib\batik-dom-1.8.jar;D:\softwares\arduino-nightly-windows\arduino-nightly\lib\batik-ext-1.8.jar;D:\softwares\arduino-nightly-windows\arduino-nightly\lib\batik-gvt-1.8.jar;D:\softwares\arduino-nightly-windows\arduino-nightly\lib\batik-parser-1.8.jar;D:\softwares\arduino-nightly-windows\arduino-nightly\lib\batik-rasterizer-1.8.jar;D:\softwares\arduino-nightly-windows\arduino-nightly\lib\batik-script-1.8.jar;D:\softwares\arduino-nightly-windows\arduino-nightly\lib\batik-squiggle-1.8.jar;D:\softwares\arduino-nightly-windows\arduino-nightly\lib\batik-svg-dom-1.8.jar;D:\softwares\arduino-nightly-windows\arduino-nightly\lib\batik-svgpp-1.8.jar;D:\softwares\arduino-nightly-windows\arduino-nightly\lib\batik-transcoder-1.8.jar;D:\softwares\arduino-nightly-windows\arduino-nightly\lib\batik-util-1.8.jar;D:\softwares\arduino-nightly-windows\arduino-nightly\lib\batik-xml-1.8.jar;D:\softwares\arduino-nightly-windows\arduino-nightly\lib\bcpg-jdk15on-152.jar;D:\softwares\arduino-nightly-windows\arduino-nightly\lib\bcprov-jdk15on-152.jar;D:\softwares\arduino-nightly-windows\arduino-nightly\lib\commons-codec-1.7.jar;D:\softwares\arduino-nightly-windows\arduino-nightly\lib\commons-compress-1.8.jar;D:\softwares\arduino-nightly-windows\arduino-nightly\lib\commons-exec-1.1.jar;D:\softwares\arduino-nightly-windows\arduino
Launcher Type: SUN_STANDARD

Environment Variables:
PATH=C:\WinAVR-20080610\bin;C:\WinAVR-20080610\utils\bin;C:\ProgramData\Oracle\Java\javapath;C:\Windows\system32;C:\Windows;C:\Windows\System32\Wbem;C:\Windows\System32\WindowsPowerShell\v1.0\;C:\Program Files\MATLAB\R2012b\runtime\win64;C:\Program Files\MATLAB\R2012b\bin;C:\Program Files\MATLAB\R2010a\runtime\win64;C:\Program Files\MATLAB\R2010a\bin;D:\softwares\arduino-nightly-windows\arduino-nightly\java\bin
USERNAME=lenovo
OS=Windows_NT
PROCESSOR_IDENTIFIER=Intel64 Family 6 Model 60 Stepping 3, GenuineIntel



---------------  S Y S T E M  ---------------

OS: Windows 7 , 64 bit Build 7601 (6.1.7601.19160)

CPU:total 4 (2 cores per cpu, 2 threads per core) family 6 model 60 stepping 3, cmov, cx8, fxsr, mmx, sse, sse2, sse3, ssse3, sse4.1, sse4.2, popcnt, avx, avx2, aes, clmul, erms, lzcnt, ht, tsc, tscinvbit, bmi1, bmi2

Memory: 4k page, physical 3944816k(2435796k free), swap 7887796k(6093388k free)

vm_info: Java HotSpot(TM) Client VM (25.66-b17) for windows-x86 JRE (1.8.0_66-b17), built on Oct  6 2015 19:59:47 by "java_re" with MS VC++ 10.0 (VS2010)

time: Sat Sep 03 17:04:44 2016
elapsed time: 5 seconds (0d 0h 0m 5s)

