#
# A fatal error has been detected by the Java Runtime Environment:
#
#  EXCEPTION_ACCESS_VIOLATION (0xc0000005) at pc=0x00008a2c, pid=5388, tid=1336
#
# JRE version: Java(TM) SE Runtime Environment (8.0_66-b17) (build 1.8.0_66-b17)
# Java VM: Java HotSpot(TM) Client VM (25.66-b17 mixed mode windows-x86 )
# Problematic frame:
# C  0x00008a2c
#
# Failed to write core dump. Minidumps are not enabled by default on client versions of Windows
#
# If you would like to submit a bug report, please visit:
#   http://bugreport.java.com/bugreport/crash.jsp
# The crash happened outside the Java Virtual Machine in native code.
# See problematic frame for where to report the bug.
#

---------------  T H R E A D  ---------------

Current thread (0x258e3000):  JavaThread "cc.arduino.packages.discoverers.serial.SerialBoardsLister" [_thread_in_native, id=1336, stack(0x26300000,0x26350000)]

siginfo: ExceptionCode=0xc0000005, ExceptionInformation=0x00000008 0x00008a2c

Registers:
EAX=0x2658d9b0, EBX=0x00000000, ECX=0x2658d9cb, EDX=0x2634eaf6
ESP=0x2634eb30, EBP=0x000020a4, ESI=0x00000302, EDI=0x2634ec60
EIP=0x00008a2c, EFLAGS=0x00010206

Top of Stack: (sp=0x2634eb30)
0x2634eb30:   000006e0 00220410 2634eb55 0000010b
0x2634eb40:   2634eb55 0000010b 2634eb50 00000000
0x2634eb50:   00000042 00000200 02000000 ff000003
0x2634eb60:   5a033600 45005400 57002000 44004300
0x2634eb70:   41004d00 54002000 63006500 6e006800
0x2634eb80:   6c006f00 67006f00 65006900 20007300
0x2634eb90:   53004d00 00004d00 00000000 00000000
0x2634eba0:   00000000 00000000 00000000 00000000 

Instructions: (pc=0x00008a2c)
0x00008a0c:   
[error occurred during error reporting (printing registers, top of stack, instructions near pc), id 0xc0000005]

Register to memory mapping:

EAX=0x2658d9b0 is an unknown value
EBX=0x00000000 is an unknown value
ECX=0x2658d9cb is an unknown value
EDX=0x2634eaf6 is pointing into the stack for thread: 0x258e3000
ESP=0x2634eb30 is pointing into the stack for thread: 0x258e3000
EBP=0x000020a4 is an unknown value
ESI=0x00000302 is an unknown value
EDI=0x2634ec60 is pointing into the stack for thread: 0x258e3000


Stack: [0x26300000,0x26350000],  sp=0x2634eb30,  free space=314k
Native frames: (J=compiled Java code, j=interpreted, Vv=VM code, C=native code)
C  0x00008a2c

Java frames: (J=compiled Java code, j=interpreted, Vv=VM code)
j  processing.app.Platform.resolveDeviceAttachedToNative(Ljava/lang/String;)Ljava/lang/String;+0
j  processing.app.Platform.resolveDeviceByVendorIdProductId(Ljava/lang/String;Ljava/util/Map;)Ljava/util/Map;+2
j  cc.arduino.packages.discoverers.serial.SerialBoardsLister.retriggerDiscovery(Z)V+309
j  cc.arduino.packages.discoverers.serial.SerialBoardsLister.run()V+9
j  java.util.TimerThread.mainLoop()V+221
j  java.util.TimerThread.run()V+1
v  ~StubRoutines::call_stub

---------------  P R O C E S S  ---------------

Java Threads: ( => current thread )
  0x27232400 JavaThread "Image Fetcher 3" daemon [_thread_blocked, id=3160, stack(0x28590000,0x285e0000)]
  0x27232000 JavaThread "Batik CleanerThread" daemon [_thread_blocked, id=1808, stack(0x28390000,0x283e0000)]
  0x27231800 JavaThread "AWT-EventQueue-0" [_thread_blocked, id=2828, stack(0x28100000,0x28150000)]
  0x25adb800 JavaThread "AWT-Shutdown" [_thread_blocked, id=2236, stack(0x27fb0000,0x28000000)]
  0x25adb000 JavaThread "JmDNS(lenovo-PC.local.).Timer" daemon [_thread_blocked, id=2744, stack(0x27ea0000,0x27ef0000)]
  0x25ada800 JavaThread "JmDNS(lenovo-PC.local.).State.Timer" [_thread_blocked, id=5592, stack(0x27dc0000,0x27e10000)]
  0x25ada400 JavaThread "JmDNS(lenovo-PC.local.).Timer" daemon [_thread_blocked, id=2220, stack(0x27e50000,0x27ea0000)]
  0x25ad9c00 JavaThread "SocketListener(lenovo-PC.local.)" daemon [_thread_in_native, id=2788, stack(0x264e0000,0x26530000)]
  0x25ad9800 JavaThread "JmDNS(lenovo-PC.local.).Timer" daemon [_thread_blocked, id=4416, stack(0x27ad0000,0x27b20000)]
  0x25ad9000 JavaThread "JmDNS(lenovo-PC.local.).State.Timer" [_thread_blocked, id=2724, stack(0x26e30000,0x26e80000)]
  0x25ad8c00 JavaThread "JmDNS(lenovo-PC.local.).Timer" daemon [_thread_blocked, id=5584, stack(0x26f10000,0x26f60000)]
  0x25ad8400 JavaThread "SocketListener(lenovo-PC.local.)" daemon [_thread_in_native, id=5908, stack(0x25c40000,0x25c90000)]
  0x25ad7c00 JavaThread "JmDNS(lenovo-PC.local.).Timer" daemon [_thread_blocked, id=2516, stack(0x26f80000,0x26fd0000)]
  0x25b11c00 JavaThread "JmDNS(lenovo-PC.local.).State.Timer" [_thread_blocked, id=2900, stack(0x26e80000,0x26ed0000)]
  0x25b16000 JavaThread "JmDNS(lenovo-PC.local.).Timer" daemon [_thread_blocked, id=5156, stack(0x269f0000,0x26a40000)]
  0x25afcc00 JavaThread "SocketListener(lenovo-PC.local.)" daemon [_thread_in_native, id=6000, stack(0x26cb0000,0x26d00000)]
  0x25942800 JavaThread "cc.arduino.packages.discoverers.network.BoardReachabilityFilter" [_thread_blocked, id=4244, stack(0x26470000,0x264c0000)]
  0x258e5400 JavaThread "cc.arduino.packages.discoverers.network.NetworkChecker" [_thread_blocked, id=5420, stack(0x25160000,0x251b0000)]
=>0x258e3000 JavaThread "cc.arduino.packages.discoverers.serial.SerialBoardsLister" [_thread_in_native, id=1336, stack(0x26300000,0x26350000)]
  0x258d6000 JavaThread "AWT-Windows" daemon [_thread_in_native, id=5728, stack(0x25d90000,0x25de0000)]
  0x258d0800 JavaThread "Java2D Disposer" daemon [_thread_blocked, id=4140, stack(0x256b0000,0x25700000)]
  0x24f67000 JavaThread "Service Thread" daemon [_thread_blocked, id=1576, stack(0x25640000,0x25690000)]
  0x24f3e800 JavaThread "C1 CompilerThread0" daemon [_thread_blocked, id=5628, stack(0x25430000,0x25480000)]
  0x24f3d800 JavaThread "Attach Listener" daemon [_thread_blocked, id=4552, stack(0x25560000,0x255b0000)]
  0x24f3a800 JavaThread "Signal Dispatcher" daemon [_thread_blocked, id=1884, stack(0x253b0000,0x25400000)]
  0x24f07800 JavaThread "Finalizer" daemon [_thread_blocked, id=4092, stack(0x24e70000,0x24ec0000)]
  0x24f01800 JavaThread "Reference Handler" daemon [_thread_blocked, id=1920, stack(0x047b0000,0x04800000)]
  0x001fec00 JavaThread "main" [_thread_in_vm, id=5412, stack(0x00d70000,0x00dc0000)]

Other Threads:
  0x24efc400 VMThread [stack: 0x251d0000,0x25220000] [id=3752]
  0x24f4a000 WatcherThread [stack: 0x25700000,0x25750000] [id=4792]

VM state:not at safepoint (normal execution)

VM Mutex/Monitor currently owned by a thread: None

Heap:
 def new generation   total 39424K, used 18850K [0x04800000, 0x072c0000, 0x0f2a0000)
  eden space 35072K,  53% used [0x04800000, 0x05a68b68, 0x06a40000)
  from space 4352K,   0% used [0x06a40000, 0x06a40000, 0x06e80000)
  to   space 4352K,   0% used [0x06e80000, 0x06e80000, 0x072c0000)
 tenured generation   total 87424K, used 11078K [0x0f2a0000, 0x14800000, 0x24800000)
   the space 87424K,  12% used [0x0f2a0000, 0x0fd71a88, 0x0fd71c00, 0x14800000)
 Metaspace       used 14479K, capacity 14831K, committed 14848K, reserved 15744K

Card table byte_map: [0x011f0000,0x01300000] byte_map_base: 0x011cc000

Polling page: 0x00120000

CodeCache: size=32768Kb used=1932Kb max_used=1932Kb free=30835Kb
 bounds [0x02770000, 0x02958000, 0x04770000]
 total_blobs=1226 nmethods=972 adapters=184
 compilation: enabled

Compilation events (10 events):
Event: 2.353 Thread 0x24f3e800  974             java.net.URL::equals (24 bytes)
Event: 2.354 Thread 0x24f3e800 nmethod 974 0x02951688 code [0x02951790, 0x0295188c]
Event: 2.354 Thread 0x24f3e800  975             java.net.URLStreamHandler::equals (45 bytes)
Event: 2.354 Thread 0x24f3e800 nmethod 975 0x02951948 code [0x02951a60, 0x02951b88]
Event: 2.354 Thread 0x24f3e800  976             java.net.URLStreamHandler::sameFile (136 bytes)
Event: 2.354 Thread 0x24f3e800 nmethod 976 0x02951c88 code [0x02951db0, 0x02951f84]
Event: 2.354 Thread 0x24f3e800  977             sun.net.www.protocol.file.Handler::hostsEqual (69 bytes)
Event: 2.354 Thread 0x24f3e800 nmethod 977 0x02952148 code [0x02952280, 0x0295240c]
Event: 2.354 Thread 0x24f3e800  978             java.net.URLStreamHandler::hostsEqual (75 bytes)
Event: 2.355 Thread 0x24f3e800 nmethod 978 0x02952588 code [0x029526c0, 0x02952840]

GC Heap History (6 events):
Event: 0.971 GC heap before
{Heap before GC invocations=0 (full 0):
 def new generation   total 39296K, used 34944K [0x04800000, 0x072a0000, 0x0f2a0000)
  eden space 34944K, 100% used [0x04800000, 0x06a20000, 0x06a20000)
  from space 4352K,   0% used [0x06a20000, 0x06a20000, 0x06e60000)
  to   space 4352K,   0% used [0x06e60000, 0x06e60000, 0x072a0000)
 tenured generation   total 87424K, used 0K [0x0f2a0000, 0x14800000, 0x24800000)
   the space 87424K,   0% used [0x0f2a0000, 0x0f2a0000, 0x0f2a0200, 0x14800000)
 Metaspace       used 8304K, capacity 8484K, committed 8576K, reserved 8576K
Event: 0.990 GC heap after
Heap after GC invocations=1 (full 0):
 def new generation   total 39296K, used 4352K [0x04800000, 0x072a0000, 0x0f2a0000)
  eden space 34944K,   0% used [0x04800000, 0x04800000, 0x06a20000)
  from space 4352K, 100% used [0x06e60000, 0x072a0000, 0x072a0000)
  to   space 4352K,   0% used [0x06a20000, 0x06a20000, 0x06e60000)
 tenured generation   total 87424K, used 1997K [0x0f2a0000, 0x14800000, 0x24800000)
   the space 87424K,   2% used [0x0f2a0000, 0x0f493778, 0x0f493800, 0x14800000)
 Metaspace       used 8304K, capacity 8484K, committed 8576K, reserved 8576K
}
Event: 1.705 GC heap before
{Heap before GC invocations=1 (full 0):
 def new generation   total 39296K, used 39296K [0x04800000, 0x072a0000, 0x0f2a0000)
  eden space 34944K, 100% used [0x04800000, 0x06a20000, 0x06a20000)
  from space 4352K, 100% used [0x06e60000, 0x072a0000, 0x072a0000)
  to   space 4352K,   0% used [0x06a20000, 0x06a20000, 0x06e60000)
 tenured generation   total 87424K, used 1997K [0x0f2a0000, 0x14800000, 0x24800000)
   the space 87424K,   2% used [0x0f2a0000, 0x0f493778, 0x0f493800, 0x14800000)
 Metaspace       used 11766K, capacity 12082K, committed 12160K, reserved 12672K
Event: 1.735 GC heap after
Heap after GC invocations=2 (full 0):
 def new generation   total 39296K, used 4352K [0x04800000, 0x072a0000, 0x0f2a0000)
  eden space 34944K,   0% used [0x04800000, 0x04800000, 0x06a20000)
  from space 4352K, 100% used [0x06a20000, 0x06e60000, 0x06e60000)
  to   space 4352K,   0% used [0x06e60000, 0x06e60000, 0x072a0000)
 tenured generation   total 87424K, used 8892K [0x0f2a0000, 0x14800000, 0x24800000)
   the space 87424K,  10% used [0x0f2a0000, 0x0fb4f000, 0x0fb4f000, 0x14800000)
 Metaspace       used 11766K, capacity 12082K, committed 12160K, reserved 12672K
}
Event: 1.952 GC heap before
{Heap before GC invocations=2 (full 0):
 def new generation   total 39296K, used 11720K [0x04800000, 0x072a0000, 0x0f2a0000)
  eden space 34944K,  21% used [0x04800000, 0x04f32240, 0x06a20000)
  from space 4352K, 100% used [0x06a20000, 0x06e60000, 0x06e60000)
  to   space 4352K,   0% used [0x06e60000, 0x06e60000, 0x072a0000)
 tenured generation   total 87424K, used 8892K [0x0f2a0000, 0x14800000, 0x24800000)
   the space 87424K,  10% used [0x0f2a0000, 0x0fb4f000, 0x0fb4f000, 0x14800000)
 Metaspace       used 11936K, capacity 12257K, committed 12288K, reserved 12672K
Event: 1.994 GC heap after
Heap after GC invocations=3 (full 1):
 def new generation   total 39424K, used 0K [0x04800000, 0x072c0000, 0x0f2a0000)
  eden space 35072K,   0% used [0x04800000, 0x04800000, 0x06a40000)
  from space 4352K,   0% used [0x06a40000, 0x06a40000, 0x06e80000)
  to   space 4352K,   0% used [0x06e80000, 0x06e80000, 0x072c0000)
 tenured generation   total 87424K, used 11078K [0x0f2a0000, 0x14800000, 0x24800000)
   the space 87424K,  12% used [0x0f2a0000, 0x0fd71a88, 0x0fd71c00, 0x14800000)
 Metaspace       used 11936K, capacity 12257K, committed 12288K, reserved 12672K
}

Deoptimization events (0 events):
No events

Internal exceptions (10 events):
Event: 1.664 Thread 0x001fec00 Exception <a 'sun/nio/fs/WindowsException'> (0x06831ea0) thrown at [C:\re\workspace\8-2-build-windows-i586-cygwin\jdk8u66\4988\hotspot\src\share\vm\prims\jni.cpp, line 709]
Event: 1.665 Thread 0x001fec00 Exception <a 'sun/nio/fs/WindowsException'> (0x0683b998) thrown at [C:\re\workspace\8-2-build-windows-i586-cygwin\jdk8u66\4988\hotspot\src\share\vm\prims\jni.cpp, line 709]
Event: 1.665 Thread 0x001fec00 Exception <a 'sun/nio/fs/WindowsException'> (0x0683c068) thrown at [C:\re\workspace\8-2-build-windows-i586-cygwin\jdk8u66\4988\hotspot\src\share\vm\prims\jni.cpp, line 709]
Event: 1.666 Thread 0x001fec00 Exception <a 'sun/nio/fs/WindowsException'> (0x068464c0) thrown at [C:\re\workspace\8-2-build-windows-i586-cygwin\jdk8u66\4988\hotspot\src\share\vm\prims\jni.cpp, line 709]
Event: 1.666 Thread 0x001fec00 Exception <a 'sun/nio/fs/WindowsException'> (0x06846c08) thrown at [C:\re\workspace\8-2-build-windows-i586-cygwin\jdk8u66\4988\hotspot\src\share\vm\prims\jni.cpp, line 709]
Event: 1.667 Thread 0x001fec00 Exception <a 'sun/nio/fs/WindowsException'> (0x06850d48) thrown at [C:\re\workspace\8-2-build-windows-i586-cygwin\jdk8u66\4988\hotspot\src\share\vm\prims\jni.cpp, line 709]
Event: 1.667 Thread 0x001fec00 Exception <a 'sun/nio/fs/WindowsException'> (0x06851418) thrown at [C:\re\workspace\8-2-build-windows-i586-cygwin\jdk8u66\4988\hotspot\src\share\vm\prims\jni.cpp, line 709]
Event: 1.668 Thread 0x001fec00 Exception <a 'sun/nio/fs/WindowsException'> (0x0685b2b8) thrown at [C:\re\workspace\8-2-build-windows-i586-cygwin\jdk8u66\4988\hotspot\src\share\vm\prims\jni.cpp, line 709]
Event: 1.668 Thread 0x001fec00 Exception <a 'sun/nio/fs/WindowsException'> (0x0685b9a0) thrown at [C:\re\workspace\8-2-build-windows-i586-cygwin\jdk8u66\4988\hotspot\src\share\vm\prims\jni.cpp, line 709]
Event: 1.792 Thread 0x001fec00 Exception <a 'java/lang/NoSuchMethodError': java.lang.Object.lambda$negate$11(Ljava/lang/Object;)Z> (0x049e27d8) thrown at [C:\re\workspace\8-2-build-windows-i586-cygwin\jdk8u66\4988\hotspot\src\share\vm\interpreter\linkResolver.cpp, line 582]

Events (10 events):
Event: 2.373 loading class org/apache/batik/css/engine/CSSEngine$1
Event: 2.373 loading class org/apache/batik/css/engine/CSSEngine$1 done
Event: 2.374 loading class org/apache/batik/css/parser/Scanner
Event: 2.374 loading class org/apache/batik/css/parser/Scanner done
Event: 2.377 loading class org/apache/batik/css/parser/ScannerUtilities
Event: 2.377 loading class org/apache/batik/css/parser/ScannerUtilities done
Event: 2.378 loading class org/apache/batik/css/engine/CSSStyleSheetNode
Event: 2.378 loading class org/apache/batik/css/engine/CSSStyleSheetNode done
Event: 2.378 loading class org/apache/batik/anim/dom/SVGStylableElement$OverrideStyleDeclaration
Event: 2.378 loading class org/apache/batik/anim/dom/SVGStylableElement$OverrideStyleDeclaration done


Dynamic libraries:
0x01330000 - 0x01363000 	D:\softwares\arduino-nightly-windows\arduino-nightly\java\bin\javaw.exe
0x779c0000 - 0x77b40000 	C:\Windows\SysWOW64\ntdll.dll
0x76090000 - 0x761a0000 	C:\Windows\syswow64\kernel32.dll
0x75e20000 - 0x75e67000 	C:\Windows\syswow64\KERNELBASE.dll
0x761a0000 - 0x76241000 	C:\Windows\syswow64\ADVAPI32.dll
0x76f30000 - 0x76fdc000 	C:\Windows\syswow64\msvcrt.dll
0x765e0000 - 0x765f9000 	C:\Windows\SysWOW64\sechost.dll
0x76b80000 - 0x76c70000 	C:\Windows\syswow64\RPCRT4.dll
0x75080000 - 0x750e0000 	C:\Windows\syswow64\SspiCli.dll
0x75070000 - 0x7507c000 	C:\Windows\syswow64\CRYPTBASE.dll
0x76a80000 - 0x76b80000 	C:\Windows\syswow64\USER32.dll
0x767c0000 - 0x76850000 	C:\Windows\syswow64\GDI32.dll
0x77990000 - 0x7799a000 	C:\Windows\syswow64\LPK.dll
0x75e70000 - 0x75f0d000 	C:\Windows\syswow64\USP10.dll
0x6a260000 - 0x6a3fe000 	C:\Windows\WinSxS\x86_microsoft.windows.common-controls_6595b64144ccf1df_6.0.7601.18837_none_41e855142bd5705d\COMCTL32.dll
0x750e0000 - 0x75137000 	C:\Windows\syswow64\SHLWAPI.dll
0x76cb0000 - 0x76d10000 	C:\Windows\system32\IMM32.DLL
0x76e60000 - 0x76f2c000 	C:\Windows\syswow64\MSCTF.dll
0x68040000 - 0x680ff000 	D:\softwares\arduino-nightly-windows\arduino-nightly\java\bin\msvcr100.dll
0x63430000 - 0x637f5000 	D:\softwares\arduino-nightly-windows\arduino-nightly\java\bin\client\jvm.dll
0x73fe0000 - 0x73fe7000 	C:\Windows\system32\WSOCK32.dll
0x76c70000 - 0x76ca5000 	C:\Windows\syswow64\WS2_32.dll
0x75ff0000 - 0x75ff6000 	C:\Windows\syswow64\NSI.dll
0x6c120000 - 0x6c152000 	C:\Windows\system32\WINMM.dll
0x6c980000 - 0x6c989000 	C:\Windows\system32\VERSION.dll
0x765b0000 - 0x765b5000 	C:\Windows\syswow64\PSAPI.DLL
0x73770000 - 0x737a1000 	D:\softwares\arduino-nightly-windows\arduino-nightly\java\bin\splashscreen.dll
0x6c220000 - 0x6c2a0000 	C:\Windows\system32\uxtheme.dll
0x73810000 - 0x7381c000 	D:\softwares\arduino-nightly-windows\arduino-nightly\java\bin\verify.dll
0x736b0000 - 0x736d1000 	D:\softwares\arduino-nightly-windows\arduino-nightly\java\bin\java.dll
0x73690000 - 0x736a3000 	D:\softwares\arduino-nightly-windows\arduino-nightly\java\bin\zip.dll
0x763f0000 - 0x7654c000 	C:\Windows\system32\ole32.dll
0x75140000 - 0x75d8b000 	C:\Windows\syswow64\SHELL32.dll
0x6df10000 - 0x6df1b000 	C:\Windows\system32\profapi.dll
0x66d40000 - 0x66e85000 	D:\softwares\arduino-nightly-windows\arduino-nightly\java\bin\awt.dll
0x76000000 - 0x7608f000 	C:\Windows\syswow64\OLEAUT32.dll
0x6b110000 - 0x6b123000 	C:\Windows\system32\dwmapi.dll
0x735f0000 - 0x73606000 	D:\softwares\arduino-nightly-windows\arduino-nightly\java\bin\net.dll
0x6c1b0000 - 0x6c1ec000 	C:\Windows\system32\mswsock.dll
0x6c190000 - 0x6c196000 	C:\Windows\System32\wship6.dll
0x6c320000 - 0x6c33c000 	C:\Windows\system32\IPHLPAPI.DLL
0x6c310000 - 0x6c317000 	C:\Windows\system32\WINNSI.DLL
0x61940000 - 0x61976000 	D:\softwares\arduino-nightly-windows\arduino-nightly\lib\listSerialsj.dll
0x76250000 - 0x763ed000 	C:\Windows\syswow64\SETUPAPI.dll
0x76e30000 - 0x76e57000 	C:\Windows\syswow64\CFGMGR32.dll
0x75f10000 - 0x75f22000 	C:\Windows\syswow64\DEVOBJ.dll
0x75030000 - 0x75042000 	C:\Windows\system32\dhcpcsvc.DLL
0x74a80000 - 0x74a8d000 	C:\Windows\system32\dhcpcsvc6.DLL
0x6e960000 - 0x6e976000 	C:\Windows\system32\CRYPTSP.dll
0x6e920000 - 0x6e95b000 	C:\Windows\system32\rsaenh.dll
0x6c2a0000 - 0x6c2b7000 	C:\Windows\system32\USERENV.dll
0x73800000 - 0x7380f000 	D:\softwares\arduino-nightly-windows\arduino-nightly\java\bin\nio.dll
0x00840000 - 0x0087d000 	C:\Users\lenovo\AppData\Local\Temp\jna--1106355917\jna9053877558660655905.dll
0x692d0000 - 0x69309000 	D:\softwares\arduino-nightly-windows\arduino-nightly\java\bin\fontmanager.dll
0x6b880000 - 0x6b8b0000 	D:\softwares\arduino-nightly-windows\arduino-nightly\java\bin\t2k.dll
0x6c2c0000 - 0x6c304000 	C:\Windows\system32\DNSAPI.dll
0x6c1a0000 - 0x6c1a5000 	C:\Windows\System32\wshtcpip.dll
0x6c060000 - 0x6c066000 	C:\Windows\system32\rasadhlp.dll
0x6b8b0000 - 0x6b8e8000 	C:\Windows\System32\fwpuclnt.dll
0x688a0000 - 0x68909000 	D:\softwares\arduino-nightly-windows\arduino-nightly\msvcp100.dll
0x65fe0000 - 0x6609e000 	D:\softwares\arduino-nightly-windows\arduino-nightly\msvcr100.dll
0x25d40000 - 0x25d72000 	D:\softwares\arduino-nightly-windows\arduino-nightly\lib\AStylej.dll
0x76980000 - 0x769af000 	C:\Windows\syswow64\WINTRUST.dll
0x76850000 - 0x76971000 	C:\Windows\syswow64\CRYPT32.dll
0x765c0000 - 0x765cc000 	C:\Windows\syswow64\MSASN1.dll
0x6b570000 - 0x6b65b000 	C:\Windows\system32\dbghelp.dll

VM Arguments:
jvm_args: -Dsun.java2d.d3d=false -DAPP_DIR=D:\softwares\arduino-nightly-windows\arduino-nightly -Xms128M -Xmx512M 
java_command: processing.app.Base C:\Users\lenovo\Desktop\sketch_aug29b\sketch_aug29b.ino
java_class_path (initial): D:\softwares\arduino-nightly-windows\arduino-nightly\lib\apple.jar;D:\softwares\arduino-nightly-windows\arduino-nightly\lib\arduino-core.jar;D:\softwares\arduino-nightly-windows\arduino-nightly\lib\batik-1.8.jar;D:\softwares\arduino-nightly-windows\arduino-nightly\lib\batik-anim-1.8.jar;D:\softwares\arduino-nightly-windows\arduino-nightly\lib\batik-awt-util-1.8.jar;D:\softwares\arduino-nightly-windows\arduino-nightly\lib\batik-bridge-1.8.jar;D:\softwares\arduino-nightly-windows\arduino-nightly\lib\batik-codec-1.8.jar;D:\softwares\arduino-nightly-windows\arduino-nightly\lib\batik-css-1.8.jar;D:\softwares\arduino-nightly-windows\arduino-nightly\lib\batik-dom-1.8.jar;D:\softwares\arduino-nightly-windows\arduino-nightly\lib\batik-ext-1.8.jar;D:\softwares\arduino-nightly-windows\arduino-nightly\lib\batik-gvt-1.8.jar;D:\softwares\arduino-nightly-windows\arduino-nightly\lib\batik-parser-1.8.jar;D:\softwares\arduino-nightly-windows\arduino-nightly\lib\batik-rasterizer-1.8.jar;D:\softwares\arduino-nightly-windows\arduino-nightly\lib\batik-script-1.8.jar;D:\softwares\arduino-nightly-windows\arduino-nightly\lib\batik-squiggle-1.8.jar;D:\softwares\arduino-nightly-windows\arduino-nightly\lib\batik-svg-dom-1.8.jar;D:\softwares\arduino-nightly-windows\arduino-nightly\lib\batik-svgpp-1.8.jar;D:\softwares\arduino-nightly-windows\arduino-nightly\lib\batik-transcoder-1.8.jar;D:\softwares\arduino-nightly-windows\arduino-nightly\lib\batik-util-1.8.jar;D:\softwares\arduino-nightly-windows\arduino-nightly\lib\batik-xml-1.8.jar;D:\softwares\arduino-nightly-windows\arduino-nightly\lib\bcpg-jdk15on-152.jar;D:\softwares\arduino-nightly-windows\arduino-nightly\lib\bcprov-jdk15on-152.jar;D:\softwares\arduino-nightly-windows\arduino-nightly\lib\commons-codec-1.7.jar;D:\softwares\arduino-nightly-windows\arduino-nightly\lib\commons-compress-1.8.jar;D:\softwares\arduino-nightly-windows\arduino-nightly\lib\commons-exec-1.1.jar;D:\softwares\arduino-nightly-windows\arduino
Launcher Type: SUN_STANDARD

Environment Variables:
PATH=C:\WinAVR-20080610\bin;C:\WinAVR-20080610\utils\bin;C:\ProgramData\Oracle\Java\javapath;C:\Windows\system32;C:\Windows;C:\Windows\System32\Wbem;C:\Windows\System32\WindowsPowerShell\v1.0\;C:\Program Files\MATLAB\R2012b\runtime\win64;C:\Program Files\MATLAB\R2012b\bin;C:\Program Files\MATLAB\R2010a\runtime\win64;C:\Program Files\MATLAB\R2010a\bin;D:\softwares\arduino-nightly-windows\arduino-nightly\java\bin
USERNAME=lenovo
OS=Windows_NT
PROCESSOR_IDENTIFIER=Intel64 Family 6 Model 60 Stepping 3, GenuineIntel



---------------  S Y S T E M  ---------------

OS: Windows 7 , 64 bit Build 7601 (6.1.7601.19160)

CPU:total 4 (2 cores per cpu, 2 threads per core) family 6 model 60 stepping 3, cmov, cx8, fxsr, mmx, sse, sse2, sse3, ssse3, sse4.1, sse4.2, popcnt, avx, avx2, aes, clmul, erms, lzcnt, ht, tsc, tscinvbit, bmi1, bmi2

Memory: 4k page, physical 3944816k(1854880k free), swap 7887796k(5199140k free)

vm_info: Java HotSpot(TM) Client VM (25.66-b17) for windows-x86 JRE (1.8.0_66-b17), built on Oct  6 2015 19:59:47 by "java_re" with MS VC++ 10.0 (VS2010)

time: Sat Sep 03 17:01:10 2016
elapsed time: 2 seconds (0d 0h 0m 2s)

